{"/root/mygithub/mitsuya_creator/programming/dbsDicoding/nodeJs/Testing/gradeCalculation.js": {"path":"/root/mygithub/mitsuya_creator/programming/dbsDicoding/nodeJs/Testing/gradeCalculation.js","statementMap":{"0":{"start":{"line":4,"column":4},"end":{"line":4,"column":28}},"1":{"start":{"line":9,"column":24},"end":{"line":9,"column":84}},"2":{"start":{"line":9,"column":54},"end":{"line":9,"column":83}},"3":{"start":{"line":10,"column":2},"end":{"line":10,"column":68}},"4":{"start":{"line":10,"column":21},"end":{"line":10,"column":68}},"5":{"start":{"line":11,"column":20},"end":{"line":11,"column":91}},"6":{"start":{"line":11,"column":67},"end":{"line":11,"column":90}},"7":{"start":{"line":12,"column":24},"end":{"line":12,"column":53}},"8":{"start":{"line":13,"column":2},"end":{"line":13,"column":23}},"9":{"start":{"line":17,"column":26},"end":{"line":17,"column":28}},"10":{"start":{"line":18,"column":2},"end":{"line":29,"column":3}},"11":{"start":{"line":19,"column":25},"end":{"line":19,"column":45}},"12":{"start":{"line":20,"column":4},"end":{"line":26,"column":5}},"13":{"start":{"line":21,"column":6},"end":{"line":21,"column":44}},"14":{"start":{"line":22,"column":6},"end":{"line":22,"column":18}},"15":{"start":{"line":24,"column":6},"end":{"line":24,"column":51}},"16":{"start":{"line":25,"column":6},"end":{"line":25,"column":19}},"17":{"start":{"line":28,"column":4},"end":{"line":28,"column":20}},"18":{"start":{"line":32,"column":0},"end":{"line":32,"column":53}}},"fnMap":{"0":{"name":"(anonymous_0)","decl":{"start":{"line":3,"column":2},"end":{"line":3,"column":3}},"loc":{"start":{"line":3,"column":22},"end":{"line":5,"column":3}},"line":3},"1":{"name":"averageExams","decl":{"start":{"line":8,"column":9},"end":{"line":8,"column":21}},"loc":{"start":{"line":8,"column":33},"end":{"line":14,"column":1}},"line":8},"2":{"name":"(anonymous_2)","decl":{"start":{"line":9,"column":41},"end":{"line":9,"column":42}},"loc":{"start":{"line":9,"column":54},"end":{"line":9,"column":83}},"line":9},"3":{"name":"(anonymous_3)","decl":{"start":{"line":11,"column":38},"end":{"line":11,"column":39}},"loc":{"start":{"line":11,"column":67},"end":{"line":11,"column":90}},"line":11},"4":{"name":"isStudentPassExam","decl":{"start":{"line":16,"column":9},"end":{"line":16,"column":26}},"loc":{"start":{"line":16,"column":39},"end":{"line":30,"column":1}},"line":16}},"branchMap":{"0":{"loc":{"start":{"line":10,"column":2},"end":{"line":10,"column":68}},"type":"if","locations":[{"start":{"line":10,"column":2},"end":{"line":10,"column":68}},{"start":{},"end":{}}],"line":10},"1":{"loc":{"start":{"line":20,"column":4},"end":{"line":26,"column":5}},"type":"if","locations":[{"start":{"line":20,"column":4},"end":{"line":26,"column":5}},{"start":{"line":23,"column":9},"end":{"line":26,"column":5}}],"line":20}},"s":{"0":0,"1":3,"2":12,"3":3,"4":0,"5":3,"6":9,"7":3,"8":3,"9":2,"10":2,"11":2,"12":2,"13":1,"14":1,"15":1,"16":1,"17":0,"18":1},"f":{"0":0,"1":3,"2":12,"3":9,"4":2},"b":{"0":[0,3],"1":[1,1]},"_coverageSchema":"1a1c01bbd47fc00a2c39e90264f33305004495a9","hash":"6b05d064c90fc8497d8ae92ec3c5faadaf74b8d2"}
}
